[debug] [2021-06-04T18:14:31.505Z] ----------------------------------------------------------------------
[debug] [2021-06-04T18:14:31.526Z] Command:       C:\Program Files\nodejs\node.exe C:\Users\SG\AppData\Roaming\npm\node_modules\firebase-tools\lib\bin\firebase.js emulators:start --only functions
[debug] [2021-06-04T18:14:31.528Z] CLI Version:   9.10.1
[debug] [2021-06-04T18:14:31.528Z] Platform:      win32
[debug] [2021-06-04T18:14:31.528Z] Node Version:  v10.20.1
[debug] [2021-06-04T18:14:31.586Z] Time:          Fri Jun 04 2021 23:44:31 GMT+0530 (India Standard Time)
[debug] [2021-06-04T18:14:31.586Z] ----------------------------------------------------------------------
[debug] 
[debug] [2021-06-04T18:14:31.767Z] > command requires scopes: ["email","openid","https://www.googleapis.com/auth/cloudplatformprojects.readonly","https://www.googleapis.com/auth/firebase","https://www.googleapis.com/auth/cloud-platform"]
[debug] [2021-06-04T18:14:31.768Z] > authorizing via signed-in user (gathade.sp@gmail.com)
[info] i  emulators: Starting emulators: functions {"metadata":{"emulator":{"name":"hub"},"message":"Starting emulators: functions"}}
[debug] [2021-06-04T18:14:33.085Z] [hub] writing locator at C:\Users\SG\AppData\Local\Temp\hub-chatapp-be541.json
[warn] !  functions: The following emulators are not running, calls to these services from the Functions emulator will affect production: auth, firestore, database, hosting, pubsub {"metadata":{"emulator":{"name":"functions"},"message":"The following emulators are not running, calls to these services from the Functions emulator will affect production: \u001b[1mauth, firestore, database, hosting, pubsub\u001b[22m"}}
[warn] !  Your requested "node" version "12" doesn't match your global version "10" {"metadata":{"emulator":{"name":"functions"},"message":"Your requested \"node\" version \"12\" doesn't match your global version \"10\""}}
[debug] [2021-06-04T18:14:35.120Z] defaultcredentials: writing to file C:\Users\SG\AppData\Roaming\firebase\gathade_sp_gmail.com_application_default_credentials.json
[debug] [2021-06-04T18:14:35.128Z] Setting GAC to C:\Users\SG\AppData\Roaming\firebase\gathade_sp_gmail.com_application_default_credentials.json {"metadata":{"emulator":{"name":"functions"},"message":"Setting GAC to C:\\Users\\SG\\AppData\\Roaming\\firebase\\gathade_sp_gmail.com_application_default_credentials.json"}}
[debug] [2021-06-04T18:14:35.136Z] > refreshing access token with scopes: []
[debug] [2021-06-04T18:14:35.140Z] >>> HTTP REQUEST POST https://www.googleapis.com/oauth2/v3/token  
 <request body omitted>
[debug] [2021-06-04T18:14:35.568Z] <<< HTTP RESPONSE 200 {"cache-control":"no-cache, no-store, max-age=0, must-revalidate","expires":"Mon, 01 Jan 1990 00:00:00 GMT","date":"Fri, 04 Jun 2021 18:14:38 GMT","pragma":"no-cache","content-type":"application/json; charset=utf-8","vary":"X-Origin, Referer, Origin,Accept-Encoding","server":"scaffolding on HTTPServer2","x-xss-protection":"0","x-frame-options":"SAMEORIGIN","x-content-type-options":"nosniff","alt-svc":"h3-29=\":443\"; ma=2592000,h3-T051=\":443\"; ma=2592000,h3-Q050=\":443\"; ma=2592000,h3-Q046=\":443\"; ma=2592000,h3-Q043=\":443\"; ma=2592000,quic=\":443\"; ma=2592000; v=\"46,43\"","accept-ranges":"none","transfer-encoding":"chunked"}
[debug] [2021-06-04T18:14:35.665Z] >>> [apiv2][query] GET https://firebase.googleapis.com/v1beta1/projects/chatapp-be541/adminSdkConfig [none]
[debug] [2021-06-04T18:14:36.529Z] <<< [apiv2][status] GET https://firebase.googleapis.com/v1beta1/projects/chatapp-be541/adminSdkConfig 200
[debug] [2021-06-04T18:14:36.530Z] <<< [apiv2][body] GET https://firebase.googleapis.com/v1beta1/projects/chatapp-be541/adminSdkConfig {"projectId":"chatapp-be541","databaseURL":"https://chatapp-be541-default-rtdb.firebaseio.com","storageBucket":"chatapp-be541.appspot.com","locationId":"us-central"}
[debug] [2021-06-04T18:14:38.864Z] Ignoring unsupported arg: auto_download {"metadata":{"emulator":{"name":"ui"},"message":"Ignoring unsupported arg: auto_download"}}
[debug] [2021-06-04T18:14:38.865Z] Ignoring unsupported arg: port {"metadata":{"emulator":{"name":"ui"},"message":"Ignoring unsupported arg: port"}}
[debug] [2021-06-04T18:14:38.866Z] Starting Emulator UI with command {"binary":"node","args":["C:\\Users\\SG\\.cache\\firebase\\emulators\\ui-v1.4.2\\server.bundle.js"],"optionalArgs":[],"joinArgs":false} {"metadata":{"emulator":{"name":"ui"},"message":"Starting Emulator UI with command {\"binary\":\"node\",\"args\":[\"C:\\\\Users\\\\SG\\\\.cache\\\\firebase\\\\emulators\\\\ui-v1.4.2\\\\server.bundle.js\"],\"optionalArgs\":[],\"joinArgs\":false}"}}
[info] i  ui: Emulator UI logging to ui-debug.log {"metadata":{"emulator":{"name":"ui"},"message":"Emulator UI logging to \u001b[1mui-debug.log\u001b[22m"}}
[debug] [2021-06-04T18:14:40.033Z] Web / API server started at http://localhost:4000
 {"metadata":{"emulator":{"name":"ui"},"message":"Web / API server started at http://localhost:4000\n"}}
[info] i  functions: Watching "C:\Users\SG\Desktop\MyProject\chatapp\functions" for Cloud Functions... {"metadata":{"emulator":{"name":"functions"},"message":"Watching \"C:\\Users\\SG\\Desktop\\MyProject\\chatapp\\functions\" for Cloud Functions..."}}
[debug] [2021-06-04T18:14:40.359Z] [worker-pool] addWorker(~diagnostic~) {"metadata":{"emulator":{"name":"functions"},"message":"[worker-pool] addWorker(~diagnostic~)"}}
[debug] [2021-06-04T18:14:40.360Z] [worker-pool] Adding worker with key ~diagnostic~, total=1 {"metadata":{"emulator":{"name":"functions"},"message":"[worker-pool] Adding worker with key ~diagnostic~, total=1"}}
[debug] [2021-06-04T18:14:40.361Z] [worker-pool] submitWork(triggerId=) {"metadata":{"emulator":{"name":"functions"},"message":"[worker-pool] submitWork(triggerId=)"}}
[debug] [2021-06-04T18:14:40.363Z] [worker-~diagnostic~-6e711438-ef08-4074-b606-dc8672a4cf2a]: Assigning socketPath: \\?\pipe\C:\Users\SG\Desktop\MyProject\chatapp\functions\9736 {"metadata":{"emulator":{"name":"functions"},"message":"[worker-~diagnostic~-6e711438-ef08-4074-b606-dc8672a4cf2a]: Assigning socketPath: \\\\?\\pipe\\C:\\Users\\SG\\Desktop\\MyProject\\chatapp\\functions\\9736"}}
[debug] [2021-06-04T18:14:40.365Z] [worker-~diagnostic~-6e711438-ef08-4074-b606-dc8672a4cf2a]: BUSY {"metadata":{"emulator":{"name":"functions"},"message":"[worker-~diagnostic~-6e711438-ef08-4074-b606-dc8672a4cf2a]: BUSY"}}
[debug] [2021-06-04T18:14:43.416Z] [runtime-status] [9736] Functions runtime initialized. {"cwd":"C:\\Users\\SG\\Desktop\\MyProject\\chatapp\\functions","node_version":"10.20.1"} {"metadata":{"emulator":{"name":"functions"},"message":"[runtime-status] [9736] Functions runtime initialized. {\"cwd\":\"C:\\\\Users\\\\SG\\\\Desktop\\\\MyProject\\\\chatapp\\\\functions\",\"node_version\":\"10.20.1\"}"}}
[debug] [2021-06-04T18:14:43.423Z] [runtime-status] [9736] Disabled runtime features: undefined {"metadata":{"emulator":{"name":"functions"},"message":"[runtime-status] [9736] Disabled runtime features: undefined"}}
[debug] [2021-06-04T18:14:43.464Z] [runtime-status] [9736] Resolved module firebase-admin {"declared":true,"installed":true,"version":"9.9.0","resolution":"C:\\Users\\SG\\Desktop\\MyProject\\chatapp\\functions\\node_modules\\firebase-admin\\lib\\index.js"} {"metadata":{"emulator":{"name":"functions"},"message":"[runtime-status] [9736] Resolved module firebase-admin {\"declared\":true,\"installed\":true,\"version\":\"9.9.0\",\"resolution\":\"C:\\\\Users\\\\SG\\\\Desktop\\\\MyProject\\\\chatapp\\\\functions\\\\node_modules\\\\firebase-admin\\\\lib\\\\index.js\"}"}}
[debug] [2021-06-04T18:14:43.502Z] [runtime-status] [9736] Resolved module firebase-functions {"declared":true,"installed":true,"version":"3.14.1","resolution":"C:\\Users\\SG\\Desktop\\MyProject\\chatapp\\functions\\node_modules\\firebase-functions\\lib\\index.js"} {"metadata":{"emulator":{"name":"functions"},"message":"[runtime-status] [9736] Resolved module firebase-functions {\"declared\":true,\"installed\":true,\"version\":\"3.14.1\",\"resolution\":\"C:\\\\Users\\\\SG\\\\Desktop\\\\MyProject\\\\chatapp\\\\functions\\\\node_modules\\\\firebase-functions\\\\lib\\\\index.js\"}"}}
[debug] [2021-06-04T18:14:43.505Z] [runtime-status] [9736] Resolved module firebase-functions {"declared":true,"installed":true,"version":"3.14.1","resolution":"C:\\Users\\SG\\Desktop\\MyProject\\chatapp\\functions\\node_modules\\firebase-functions\\lib\\index.js"} {"metadata":{"emulator":{"name":"functions"},"message":"[runtime-status] [9736] Resolved module firebase-functions {\"declared\":true,\"installed\":true,\"version\":\"3.14.1\",\"resolution\":\"C:\\\\Users\\\\SG\\\\Desktop\\\\MyProject\\\\chatapp\\\\functions\\\\node_modules\\\\firebase-functions\\\\lib\\\\index.js\"}"}}
[debug] [2021-06-04T18:14:43.519Z] [runtime-status] [9736] Outgoing network have been stubbed. [{"name":"http","status":"mocked"},{"name":"http","status":"mocked"},{"name":"https","status":"mocked"},{"name":"https","status":"mocked"},{"name":"net","status":"mocked"}] {"metadata":{"emulator":{"name":"functions"},"message":"[runtime-status] [9736] Outgoing network have been stubbed. [{\"name\":\"http\",\"status\":\"mocked\"},{\"name\":\"http\",\"status\":\"mocked\"},{\"name\":\"https\",\"status\":\"mocked\"},{\"name\":\"https\",\"status\":\"mocked\"},{\"name\":\"net\",\"status\":\"mocked\"}]"}}
[debug] [2021-06-04T18:14:43.521Z] [runtime-status] [9736] Resolved module firebase-functions {"declared":true,"installed":true,"version":"3.14.1","resolution":"C:\\Users\\SG\\Desktop\\MyProject\\chatapp\\functions\\node_modules\\firebase-functions\\lib\\index.js"} {"metadata":{"emulator":{"name":"functions"},"message":"[runtime-status] [9736] Resolved module firebase-functions {\"declared\":true,\"installed\":true,\"version\":\"3.14.1\",\"resolution\":\"C:\\\\Users\\\\SG\\\\Desktop\\\\MyProject\\\\chatapp\\\\functions\\\\node_modules\\\\firebase-functions\\\\lib\\\\index.js\"}"}}
[debug] [2021-06-04T18:14:44.979Z] [runtime-status] [9736] Checked functions.config() {"config":{}} {"metadata":{"emulator":{"name":"functions"},"message":"[runtime-status] [9736] Checked functions.config() {\"config\":{}}"}}
[debug] [2021-06-04T18:14:44.981Z] [runtime-status] [9736] firebase-functions has been stubbed. {"functionsResolution":{"declared":true,"installed":true,"version":"3.14.1","resolution":"C:\\Users\\SG\\Desktop\\MyProject\\chatapp\\functions\\node_modules\\firebase-functions\\lib\\index.js"}} {"metadata":{"emulator":{"name":"functions"},"message":"[runtime-status] [9736] firebase-functions has been stubbed. {\"functionsResolution\":{\"declared\":true,\"installed\":true,\"version\":\"3.14.1\",\"resolution\":\"C:\\\\Users\\\\SG\\\\Desktop\\\\MyProject\\\\chatapp\\\\functions\\\\node_modules\\\\firebase-functions\\\\lib\\\\index.js\"}}"}}
[debug] [2021-06-04T18:14:44.985Z] [runtime-status] [9736] Resolved module firebase-functions {"declared":true,"installed":true,"version":"3.14.1","resolution":"C:\\Users\\SG\\Desktop\\MyProject\\chatapp\\functions\\node_modules\\firebase-functions\\lib\\index.js"} {"metadata":{"emulator":{"name":"functions"},"message":"[runtime-status] [9736] Resolved module firebase-functions {\"declared\":true,\"installed\":true,\"version\":\"3.14.1\",\"resolution\":\"C:\\\\Users\\\\SG\\\\Desktop\\\\MyProject\\\\chatapp\\\\functions\\\\node_modules\\\\firebase-functions\\\\lib\\\\index.js\"}"}}
[debug] [2021-06-04T18:14:44.992Z] [runtime-status] [9736] Resolved module firebase-admin {"declared":true,"installed":true,"version":"9.9.0","resolution":"C:\\Users\\SG\\Desktop\\MyProject\\chatapp\\functions\\node_modules\\firebase-admin\\lib\\index.js"} {"metadata":{"emulator":{"name":"functions"},"message":"[runtime-status] [9736] Resolved module firebase-admin {\"declared\":true,\"installed\":true,\"version\":\"9.9.0\",\"resolution\":\"C:\\\\Users\\\\SG\\\\Desktop\\\\MyProject\\\\chatapp\\\\functions\\\\node_modules\\\\firebase-admin\\\\lib\\\\index.js\"}"}}
[debug] [2021-06-04T18:14:44.996Z] [runtime-status] [9736] Resolved module firebase-functions {"declared":true,"installed":true,"version":"3.14.1","resolution":"C:\\Users\\SG\\Desktop\\MyProject\\chatapp\\functions\\node_modules\\firebase-functions\\lib\\index.js"} {"metadata":{"emulator":{"name":"functions"},"message":"[runtime-status] [9736] Resolved module firebase-functions {\"declared\":true,\"installed\":true,\"version\":\"3.14.1\",\"resolution\":\"C:\\\\Users\\\\SG\\\\Desktop\\\\MyProject\\\\chatapp\\\\functions\\\\node_modules\\\\firebase-functions\\\\lib\\\\index.js\"}"}}
[debug] [2021-06-04T18:14:44.997Z] [runtime-status] [9736] firebase-admin has been stubbed. {"adminResolution":{"declared":true,"installed":true,"version":"9.9.0","resolution":"C:\\Users\\SG\\Desktop\\MyProject\\chatapp\\functions\\node_modules\\firebase-admin\\lib\\index.js"}} {"metadata":{"emulator":{"name":"functions"},"message":"[runtime-status] [9736] firebase-admin has been stubbed. {\"adminResolution\":{\"declared\":true,\"installed\":true,\"version\":\"9.9.0\",\"resolution\":\"C:\\\\Users\\\\SG\\\\Desktop\\\\MyProject\\\\chatapp\\\\functions\\\\node_modules\\\\firebase-admin\\\\lib\\\\index.js\"}}"}}
[debug] [2021-06-04T18:14:46.571Z] [runtime-status] [9736] initializeApp(DEFAULT) {"credential":{"implicit":false,"projectId":"chatapp-be541","privateKey":"-----BEGIN PRIVATE KEY-----\nMIIEvAIBADANBgkqhkiG9w0BAQEFAASCBKYwggSiAgEAAoIBAQC4e+0DIeOP+IVK\nvTRq49xjYBRNAiBNk+zqL0nGjtzbbdpckPpZiF97TWpuNoWt08NriCfKYeiJROEp\nN5bu5mKYR3yb5WweOnzQCDwGKIXRS4nMhbkyS73vxAsbHk2A8FkQFgYXW5yxzRi4\nbDTnVrW/l3wgAScfSo/uu8QuDs38Q3MEm1jDNTt/dQbC4WT8Ct1TMB3E2nbzFkzq\ntzgWyC7pn/Scy0pPYh1xZWPrWoVsnfO/AKyOpewfIA+08h2HGRPqy2572cGo8by9\nqygdkCZmc9ysYH8VA5sFJg6LEI/825CVUpEQF4KxF4kIKwaEWtgU5yFAsb1iMMM3\nrNVTQMHHAgMBAAECggEAQGEq5IFyjv780Qi3Hqg29E0GuJsJ19jMACuRdOPNKhwr\nbEtBunXvUDHDdwO64d75HvEMZcGGK0UoyD/4gZVPifHEiAjnkqL5hIWjIMkKbfAM\n/h0adHVfKqmA8K1CAcGeaxEsfgE/7QJ0YoOMcMDfOyWrsOWGGBLmqLrI6wPKmYH9\nZF2cCmLRctlpihwnxHM9rYjVMlOTKCr4IFLgco87t/tQqZCUn/n7nLiHmUXC7xbu\nNrrjZU4uWnBt0IzyG7JmGlxqt0CvWOEp2IDfqRJlGCadwK9g4bFQBD/YRcWF8NgR\nNQTZEw1tqic3V2ozeAShl54OoPy1E4x5U9y+UBI6pQKBgQD2aP6TEPBc5sLv+nUm\nA9Yg5hMDXk1O7EckSSkLFwjuCuYxuKaNtevh3STEAbiiY+csxqFqLYHnEpzkTVtn\nvQontMV2n32RiuoiMnONaWIcyMKumNEpQvL+UX1nd6e0RSxgz6zYyjMwuaFZjUmU\no39cTNWV9hR/xza2isE8qH5TWwKBgQC/qfTwRr2aoL7M5+QczOMg8i0BpmsRHdDi\ngxB5zbuRUKQd/CJLXxNX1x7eAUTYMeEirphJ3w4Ydmv2cWnlNAP3b2aYSgSXqWNd\ned1pQ09aYFPEHDMlKWwMlGiAr8Grnubj6bwEIdfjLbCQpLLtFoA6RN5KxwgGiUpg\nCmP2l+ozBQKBgE/Ix0UPIwSxo0TYr73TWC3m0RkyG44GazKQjb2Ng9KvrMFErIkN\n8oZ7eEAO3p2WA3A4EGO0wG71U9+IPKRmTTd2DMnP8nSBqjXQaCHNkXsIdiDaUj8t\n8kfuUtCBqcdw7mGaXLkFH3YTZO7+FGkQV1ineDDKMPD+q/SHEPJ3DBApAoGAXF1s\nY+rDbuQubxMFlHeMsZDj7ZqkmFAVHUPqSbjCvqntHWInqMj9ymQqRPS5l7KZ+5vG\nWjs7UMCpEM/hJ4rkqnauK4/oHKqN7ztOX28Hq9cmJykr4KnQn1NZ9UI+BBYE0SsP\n57Hjl2CqaVplu+oPC4Wq1sCJ9pRtGlGHkQvu2n0CgYA74KQUvdaQd85GiP3HcGDy\n4+L9I+3Fzx6Tefl8u20+aaIisBUxL0lq1fxlhYxRG1NHy8IXRRHvV9fA5+afyRM6\n1UyqJhdAo/GgzTn6b7qPZfzSGpQxJ5zOJ6XDj/VyiADEphuS0/IrDgkr2mXLIYxv\nbAXPE4pHpXCDVUp7qYNXYg==\n-----END PRIVATE KEY-----\n","clientEmail":"firebase-adminsdk-jntnd@chatapp-be541.iam.gserviceaccount.com","httpClient":{"retry":{"maxRetries":4,"statusCodes":[503],"ioErrorCodes":["ECONNRESET","ETIMEDOUT"],"backOffFactor":0.5,"maxDelayInMillis":60000}}},"databaseURL":"https://chat-web-app-4ee4c.firebaseio.com"} {"metadata":{"emulator":{"name":"functions"},"message":"[runtime-status] [9736] initializeApp(DEFAULT) {\"credential\":{\"implicit\":false,\"projectId\":\"chatapp-be541\",\"privateKey\":\"-----BEGIN PRIVATE KEY-----\\nMIIEvAIBADANBgkqhkiG9w0BAQEFAASCBKYwggSiAgEAAoIBAQC4e+0DIeOP+IVK\\nvTRq49xjYBRNAiBNk+zqL0nGjtzbbdpckPpZiF97TWpuNoWt08NriCfKYeiJROEp\\nN5bu5mKYR3yb5WweOnzQCDwGKIXRS4nMhbkyS73vxAsbHk2A8FkQFgYXW5yxzRi4\\nbDTnVrW/l3wgAScfSo/uu8QuDs38Q3MEm1jDNTt/dQbC4WT8Ct1TMB3E2nbzFkzq\\ntzgWyC7pn/Scy0pPYh1xZWPrWoVsnfO/AKyOpewfIA+08h2HGRPqy2572cGo8by9\\nqygdkCZmc9ysYH8VA5sFJg6LEI/825CVUpEQF4KxF4kIKwaEWtgU5yFAsb1iMMM3\\nrNVTQMHHAgMBAAECggEAQGEq5IFyjv780Qi3Hqg29E0GuJsJ19jMACuRdOPNKhwr\\nbEtBunXvUDHDdwO64d75HvEMZcGGK0UoyD/4gZVPifHEiAjnkqL5hIWjIMkKbfAM\\n/h0adHVfKqmA8K1CAcGeaxEsfgE/7QJ0YoOMcMDfOyWrsOWGGBLmqLrI6wPKmYH9\\nZF2cCmLRctlpihwnxHM9rYjVMlOTKCr4IFLgco87t/tQqZCUn/n7nLiHmUXC7xbu\\nNrrjZU4uWnBt0IzyG7JmGlxqt0CvWOEp2IDfqRJlGCadwK9g4bFQBD/YRcWF8NgR\\nNQTZEw1tqic3V2ozeAShl54OoPy1E4x5U9y+UBI6pQKBgQD2aP6TEPBc5sLv+nUm\\nA9Yg5hMDXk1O7EckSSkLFwjuCuYxuKaNtevh3STEAbiiY+csxqFqLYHnEpzkTVtn\\nvQontMV2n32RiuoiMnONaWIcyMKumNEpQvL+UX1nd6e0RSxgz6zYyjMwuaFZjUmU\\no39cTNWV9hR/xza2isE8qH5TWwKBgQC/qfTwRr2aoL7M5+QczOMg8i0BpmsRHdDi\\ngxB5zbuRUKQd/CJLXxNX1x7eAUTYMeEirphJ3w4Ydmv2cWnlNAP3b2aYSgSXqWNd\\ned1pQ09aYFPEHDMlKWwMlGiAr8Grnubj6bwEIdfjLbCQpLLtFoA6RN5KxwgGiUpg\\nCmP2l+ozBQKBgE/Ix0UPIwSxo0TYr73TWC3m0RkyG44GazKQjb2Ng9KvrMFErIkN\\n8oZ7eEAO3p2WA3A4EGO0wG71U9+IPKRmTTd2DMnP8nSBqjXQaCHNkXsIdiDaUj8t\\n8kfuUtCBqcdw7mGaXLkFH3YTZO7+FGkQV1ineDDKMPD+q/SHEPJ3DBApAoGAXF1s\\nY+rDbuQubxMFlHeMsZDj7ZqkmFAVHUPqSbjCvqntHWInqMj9ymQqRPS5l7KZ+5vG\\nWjs7UMCpEM/hJ4rkqnauK4/oHKqN7ztOX28Hq9cmJykr4KnQn1NZ9UI+BBYE0SsP\\n57Hjl2CqaVplu+oPC4Wq1sCJ9pRtGlGHkQvu2n0CgYA74KQUvdaQd85GiP3HcGDy\\n4+L9I+3Fzx6Tefl8u20+aaIisBUxL0lq1fxlhYxRG1NHy8IXRRHvV9fA5+afyRM6\\n1UyqJhdAo/GgzTn6b7qPZfzSGpQxJ5zOJ6XDj/VyiADEphuS0/IrDgkr2mXLIYxv\\nbAXPE4pHpXCDVUp7qYNXYg==\\n-----END PRIVATE KEY-----\\n\",\"clientEmail\":\"firebase-adminsdk-jntnd@chatapp-be541.iam.gserviceaccount.com\",\"httpClient\":{\"retry\":{\"maxRetries\":4,\"statusCodes\":[503],\"ioErrorCodes\":[\"ECONNRESET\",\"ETIMEDOUT\"],\"backOffFactor\":0.5,\"maxDelayInMillis\":60000}}},\"databaseURL\":\"https://chat-web-app-4ee4c.firebaseio.com\"}"}}
[warn] !  functions: The Realtime Database emulator is not running, so calls to Realtime Database will affect production. {"metadata":{"emulator":{"name":"functions"},"message":"The Realtime Database emulator is not running, so calls to Realtime Database will affect production."}}
[info] +  functions[sendFcm]: http function initialized (http://localhost:5001/chatapp-be541/us-central1/sendFcm). {"metadata":{"emulator":{"name":"functions"},"message":"\u001b[1mhttp\u001b[22m function initialized (http://localhost:5001/chatapp-be541/us-central1/sendFcm)."}}
[info] 
┌─────────────────────────────────────────────────────────────┐
│ ✔  All emulators ready! It is now safe to connect your app. │
│ i  View Emulator UI at http://localhost:4000                │
└─────────────────────────────────────────────────────────────┘

┌───────────┬────────────────┬─────────────────────────────────┐
│ Emulator  │ Host:Port      │ View in Emulator UI             │
├───────────┼────────────────┼─────────────────────────────────┤
│ Functions │ localhost:5001 │ http://localhost:4000/functions │
└───────────┴────────────────┴─────────────────────────────────┘
  Emulator Hub running at localhost:4400
  Other reserved ports: 4500

Issues? Report them at https://github.com/firebase/firebase-tools/issues and attach the *-debug.log files.
 
[debug] [2021-06-04T18:14:48.878Z] [worker-~diagnostic~-6e711438-ef08-4074-b606-dc8672a4cf2a]: IDLE {"metadata":{"emulator":{"name":"functions"},"message":"[worker-~diagnostic~-6e711438-ef08-4074-b606-dc8672a4cf2a]: IDLE"}}
